Using pre-set license
Built from '2020.2/release' branch; Version is '2020.2.1f1 (270dd8c3da1c) revision 2559448'; Using compiler version '192528614'; Build Type 'Release'
OS: 'Windows 10  (10.0.0) 64bit' Language: 'ru' Physical Memory: 8156 MB
BatchMode: 1, IsHumanControllingUs: 0, StartBugReporterOnCrash: 0, Is64bit: 1, IsPro: 0

 COMMAND LINE ARGUMENTS:
C:\Program Files\Unity\Hub\Editor\2020.2.1f1\Editor\Unity.exe
-adb2
-batchMode
-noUpm
-name
AssetImportWorker1
-projectPath
C:/Users/Artromskiy/Documents/Bomber
-logFile
Logs/AssetImportWorker1.log
-srvPort
54070
Successfully changed project path to: C:/Users/Artromskiy/Documents/Bomber
C:/Users/Artromskiy/Documents/Bomber
Using Asset Import Pipeline V2.
Refreshing native plugins compatible for Editor in 69.20 ms, found 0 plugins.
Preloading 0 native plugins for Editor in 0.00 ms.
Initialize engine version: 2020.2.1f1 (270dd8c3da1c)
[Subsystems] Discovering subsystems at path C:/Program Files/Unity/Hub/Editor/2020.2.1f1/Editor/Data/Resources/UnitySubsystems
[Subsystems] Discovering subsystems at path C:/Users/Artromskiy/Documents/Bomber/Assets
GfxDevice: creating device client; threaded=0
Direct3D:
    Version:  Direct3D 11.0 [level 11.0]
    Renderer: NVIDIA GeForce GT 730 (ID=0xf02)
    Vendor:   
    VRAM:     2000 MB
    Driver:   23.21.13.8813
Initialize mono
Mono path[0] = 'C:/Program Files/Unity/Hub/Editor/2020.2.1f1/Editor/Data/Managed'
Mono path[1] = 'C:/Program Files/Unity/Hub/Editor/2020.2.1f1/Editor/Data/MonoBleedingEdge/lib/mono/unityjit'
Mono config path = 'C:/Program Files/Unity/Hub/Editor/2020.2.1f1/Editor/Data/MonoBleedingEdge/etc'
Using monoOptions --debugger-agent=transport=dt_socket,embedding=1,server=y,suspend=n,address=127.0.0.1:56764
Begin MonoManager ReloadAssembly
Registering precompiled unity dll's ...
Register platform support module: C:/Program Files/Unity/Hub/Editor/2020.2.1f1/Editor/Data/PlaybackEngines/WindowsStandaloneSupport/UnityEditor.WindowsStandalone.Extensions.dll
Registered in 0.003139 seconds.
Native extension for WindowsStandalone target not found
Refreshing native plugins compatible for Editor in 69.22 ms, found 0 plugins.
Preloading 0 native plugins for Editor in 0.00 ms.
Invoked RoslynAnalysisRunner static constructor.
RoslynAnalysisRunner will not be running.
RoslynAnalysisRunner has terminated.
Mono: successfully reloaded assembly
- Completed reload, in 23.767 seconds
Platform modules already initialized, skipping
Registering precompiled user dll's ...
Registered in 0.001977 seconds.
Begin MonoManager ReloadAssembly
Native extension for WindowsStandalone target not found
Refreshing native plugins compatible for Editor in 79.61 ms, found 0 plugins.
Preloading 0 native plugins for Editor in 0.00 ms.
Invoked RoslynAnalysisRunner static constructor.
RoslynAnalysisRunner will not be running.
RoslynAnalysisRunner has terminated.
Mono: successfully reloaded assembly
- Completed reload, in  1.580 seconds
Platform modules already initialized, skipping
========================================================================
Worker process is ready to serve import requests
Shader 'Universal Render Pipeline/Particles/Lit': fallback shader 'Universal Render Pipeline/Particles/SimpleLit' not found
Shader 'Universal Render Pipeline/Particles/Lit': fallback shader 'Universal Render Pipeline/Particles/SimpleLit' not found
Launched and connected shader compiler UnityShaderCompiler.exe after 0.18 seconds
Refreshing native plugins compatible for Editor in 0.50 ms, found 0 plugins.
Preloading 0 native plugins for Editor in 0.00 ms.
Unloading 2399 Unused Serialized files (Serialized files now loaded: 0)
System memory in use before: 112.9 MB.
System memory in use after: 111.0 MB.

Unloading 44 unused Assets to reduce memory usage. Loaded Objects now: 2811.
Total: 4.876000 ms (FindLiveObjects: 0.309300 ms CreateObjectMapping: 0.138200 ms MarkObjects: 2.850200 ms  DeleteObjects: 1.575200 ms)

========================================================================
Received Import Request.
  path: Assets/Models/Floor/FloorMat.mat
  artifactKey: Guid(29d94ed533407fc43ad328b215e02434) Importer(815301076,1909f56bfc062723c751e8b465ee728b)
Start importing Assets/Models/Floor/FloorMat.mat using Guid(29d94ed533407fc43ad328b215e02434) Importer(815301076,1909f56bfc062723c751e8b465ee728b)  -> (artifact id: '0e3bdb030fea476dabde55c3deec7ad4') in 0.690892 seconds
  Import took 0.696798 seconds .

========================================================================
Received Import Request.
  Time since last request: 23.114428 seconds.
  path: Packages/com.unity.searcher/Editor/Resources/FlatSkin/Font/Roboto-Light.ttf
  artifactKey: Guid(2a29e27936eb547458f646f71125b264) Importer(815301076,1909f56bfc062723c751e8b465ee728b)
Start importing Packages/com.unity.searcher/Editor/Resources/FlatSkin/Font/Roboto-Light.ttf using Guid(2a29e27936eb547458f646f71125b264) Importer(815301076,1909f56bfc062723c751e8b465ee728b)  -> (artifact id: '8feee7f806dea7680b979b2bc39eea85') in 0.142474 seconds
  Import took 0.153195 seconds .

========================================================================
Received Import Request.
  Time since last request: 0.000277 seconds.
  path: Packages/com.unity.searcher/Editor/Resources/FlatSkin/Font/Roboto-BlackItalic.ttf
  artifactKey: Guid(f95147a9bab9fe649b8070170fa7ebd2) Importer(815301076,1909f56bfc062723c751e8b465ee728b)
Start importing Packages/com.unity.searcher/Editor/Resources/FlatSkin/Font/Roboto-BlackItalic.ttf using Guid(f95147a9bab9fe649b8070170fa7ebd2) Importer(815301076,1909f56bfc062723c751e8b465ee728b)  -> (artifact id: '8b1939b41dd71fefdacb658ed20674ea') in 0.053116 seconds
  Import took 0.059784 seconds .

========================================================================
Received Import Request.
  Time since last request: 0.000379 seconds.
  path: Packages/com.unity.searcher/Editor/Resources/FlatSkin/Font/Roboto-Bold.ttf
  artifactKey: Guid(3750c318f40cab44a97d3a81beaefeb3) Importer(815301076,1909f56bfc062723c751e8b465ee728b)
Start importing Packages/com.unity.searcher/Editor/Resources/FlatSkin/Font/Roboto-Bold.ttf using Guid(3750c318f40cab44a97d3a81beaefeb3) Importer(815301076,1909f56bfc062723c751e8b465ee728b)  -> (artifact id: '0aecfcf0b848c0583512d850ed2bc49a') in 0.065559 seconds
  Import took 0.072991 seconds .

========================================================================
Received Import Request.
  Time since last request: 0.000242 seconds.
  path: Assets/Models/EverydayMotionPackFree/Model/Chatacter/Materials/texture_male.mat
  artifactKey: Guid(77c42065870890f44be3bc31cbfa4f10) Importer(815301076,1909f56bfc062723c751e8b465ee728b)
Start importing Assets/Models/EverydayMotionPackFree/Model/Chatacter/Materials/texture_male.mat using Guid(77c42065870890f44be3bc31cbfa4f10) Importer(815301076,1909f56bfc062723c751e8b465ee728b)  -> (artifact id: 'e3c778c261332d3e17ef5d4c972f3618') in 0.054135 seconds
  Import took 0.060593 seconds .

========================================================================
Received Import Request.
  Time since last request: 0.000235 seconds.
  path: Packages/com.unity.searcher/Editor/Resources/FlatSkin/Font/Roboto-Italic.ttf
  artifactKey: Guid(c839255fc8f6b4b4d90bf8c1af9f9bd1) Importer(815301076,1909f56bfc062723c751e8b465ee728b)
Start importing Packages/com.unity.searcher/Editor/Resources/FlatSkin/Font/Roboto-Italic.ttf using Guid(c839255fc8f6b4b4d90bf8c1af9f9bd1) Importer(815301076,1909f56bfc062723c751e8b465ee728b)  -> (artifact id: 'e362c3ddbc5e8bfc478ff8b61f664ada') in 0.062028 seconds
  Import took 0.068187 seconds .

========================================================================
Received Import Request.
  Time since last request: 0.000149 seconds.
  path: Assets/Models/EverydayMotionPackFree/Model/Chatacter/Materials/texture_female.mat
  artifactKey: Guid(0032b97570b93d04491fc2ccfbe94d39) Importer(815301076,1909f56bfc062723c751e8b465ee728b)
Start importing Assets/Models/EverydayMotionPackFree/Model/Chatacter/Materials/texture_female.mat using Guid(0032b97570b93d04491fc2ccfbe94d39) Importer(815301076,1909f56bfc062723c751e8b465ee728b)  -> (artifact id: 'e04e8394a17d71fd372a890456a496c8') in 0.041922 seconds
  Import took 0.048917 seconds .

========================================================================
Received Import Request.
  Time since last request: 0.000317 seconds.
  path: Packages/com.unity.searcher/Editor/Resources/FlatSkin/Font/Roboto-Black.ttf
  artifactKey: Guid(1062c701058745940ae5dca6219c64c8) Importer(815301076,1909f56bfc062723c751e8b465ee728b)
Start importing Packages/com.unity.searcher/Editor/Resources/FlatSkin/Font/Roboto-Black.ttf using Guid(1062c701058745940ae5dca6219c64c8) Importer(815301076,1909f56bfc062723c751e8b465ee728b)  -> (artifact id: '6acb19c6d95fce4f1d6c6d5c9e8bafb6') in 0.073153 seconds
  Import took 0.082663 seconds .

========================================================================
Received Import Request.
  Time since last request: 0.000252 seconds.
  path: Packages/com.unity.render-pipelines.core/Runtime/Debugging/Prefabs/Fonts/Perfect DOS VGA 437.ttf
  artifactKey: Guid(74a5091d8707f334b9a5c31ef71a64ba) Importer(815301076,1909f56bfc062723c751e8b465ee728b)
Start importing Packages/com.unity.render-pipelines.core/Runtime/Debugging/Prefabs/Fonts/Perfect DOS VGA 437.ttf using Guid(74a5091d8707f334b9a5c31ef71a64ba) Importer(815301076,1909f56bfc062723c751e8b465ee728b)  -> (artifact id: '716a2efc691143c37d30645930843403') in 0.110749 seconds
  Import took 0.119386 seconds .

========================================================================
Received Import Request.
  Time since last request: 0.000254 seconds.
  path: Packages/com.unity.searcher/Editor/Resources/FlatSkin/Font/Roboto-BoldItalic.ttf
  artifactKey: Guid(dfb97a9307a577a41bcacba34b9a7e32) Importer(815301076,1909f56bfc062723c751e8b465ee728b)
Start importing Packages/com.unity.searcher/Editor/Resources/FlatSkin/Font/Roboto-BoldItalic.ttf using Guid(dfb97a9307a577a41bcacba34b9a7e32) Importer(815301076,1909f56bfc062723c751e8b465ee728b)  -> (artifact id: 'a4384920b06c11a07f2a4127cacec419') in 0.076388 seconds
  Import took 0.109925 seconds .

========================================================================
Received Import Request.
  Time since last request: 0.000247 seconds.
  path: Packages/com.unity.searcher/Editor/Resources/FlatSkin/Font/Roboto-Light.ttf
  artifactKey: Guid(2a29e27936eb547458f646f71125b264) Importer(815301076,1909f56bfc062723c751e8b465ee728b)
Start importing Packages/com.unity.searcher/Editor/Resources/FlatSkin/Font/Roboto-Light.ttf using Guid(2a29e27936eb547458f646f71125b264) Importer(815301076,1909f56bfc062723c751e8b465ee728b)  -> (artifact id: '8feee7f806dea7680b979b2bc39eea85') in 0.016968 seconds
  Import took 0.023647 seconds .

========================================================================
Received Import Request.
  Time since last request: 4.240378 seconds.
  path: Packages/com.unity.searcher/Editor/Resources/FlatSkin/Font/Roboto-Regular.ttf
  artifactKey: Guid(30dc370b164eefc43b95744fc796dad0) Importer(815301076,1909f56bfc062723c751e8b465ee728b)
Start importing Packages/com.unity.searcher/Editor/Resources/FlatSkin/Font/Roboto-Regular.ttf using Guid(30dc370b164eefc43b95744fc796dad0) Importer(815301076,1909f56bfc062723c751e8b465ee728b)  -> (artifact id: 'fbbda607c02e7f0bf4ae6c3f54203f41') in 0.067368 seconds
  Import took 0.073499 seconds .

========================================================================
Received Import Request.
  Time since last request: 0.000432 seconds.
  path: Packages/com.unity.searcher/Editor/Resources/FlatSkin/Font/Roboto-Thin.ttf
  artifactKey: Guid(19a9abb883540be48b75b951a927ae03) Importer(815301076,1909f56bfc062723c751e8b465ee728b)
Start importing Packages/com.unity.searcher/Editor/Resources/FlatSkin/Font/Roboto-Thin.ttf using Guid(19a9abb883540be48b75b951a927ae03) Importer(815301076,1909f56bfc062723c751e8b465ee728b)  -> (artifact id: '4778b6a0b0c8c8947ae98a7219ae725d') in 0.054715 seconds
  Import took 0.060510 seconds .

========================================================================
Received Import Request.
  Time since last request: 0.000283 seconds.
  path: Packages/com.unity.searcher/Editor/Resources/FlatSkin/Font/Roboto-MediumItalic.ttf
  artifactKey: Guid(d93c1bc57fdf1ac4dad1bf04fac05464) Importer(815301076,1909f56bfc062723c751e8b465ee728b)
Start importing Packages/com.unity.searcher/Editor/Resources/FlatSkin/Font/Roboto-MediumItalic.ttf using Guid(d93c1bc57fdf1ac4dad1bf04fac05464) Importer(815301076,1909f56bfc062723c751e8b465ee728b)  -> (artifact id: '5e489c4c34ca7c322df8be9e5ebc76b9') in 0.048826 seconds
  Import took 0.054361 seconds .

========================================================================
Received Import Request.
  Time since last request: 0.000578 seconds.
  path: Packages/com.unity.searcher/Editor/Resources/FlatSkin/Font/Roboto-ThinItalic.ttf
  artifactKey: Guid(b2ea3b3f1765e544b9eb5bd1a93a91ce) Importer(815301076,1909f56bfc062723c751e8b465ee728b)
Start importing Packages/com.unity.searcher/Editor/Resources/FlatSkin/Font/Roboto-ThinItalic.ttf using Guid(b2ea3b3f1765e544b9eb5bd1a93a91ce) Importer(815301076,1909f56bfc062723c751e8b465ee728b)  -> (artifact id: '3f1a630ab4cc9bf20e825242f8fd2ae2') in 0.062571 seconds
  Import took 0.068503 seconds .

========================================================================
Received Import Request.
  Time since last request: 0.000247 seconds.
  path: Packages/com.unity.searcher/Editor/Resources/FlatSkin/Font/Roboto-Medium.ttf
  artifactKey: Guid(a51a3aebb43ac044989270407476b208) Importer(815301076,1909f56bfc062723c751e8b465ee728b)
Start importing Packages/com.unity.searcher/Editor/Resources/FlatSkin/Font/Roboto-Medium.ttf using Guid(a51a3aebb43ac044989270407476b208) Importer(815301076,1909f56bfc062723c751e8b465ee728b)  -> (artifact id: '5f7bd09730a232318283ed119f890d44') in 0.051621 seconds
  Import took 0.058300 seconds .

========================================================================
Received Import Request.
  Time since last request: 0.000283 seconds.
  path: Packages/com.unity.searcher/Editor/Resources/FlatSkin/Font/Roboto-LightItalic.ttf
  artifactKey: Guid(5e63515167650a541b309ba3bfd4db3d) Importer(815301076,1909f56bfc062723c751e8b465ee728b)
Start importing Packages/com.unity.searcher/Editor/Resources/FlatSkin/Font/Roboto-LightItalic.ttf using Guid(5e63515167650a541b309ba3bfd4db3d) Importer(815301076,1909f56bfc062723c751e8b465ee728b)  -> (artifact id: '10503ee9fbea8f0da90c4f178a8cff26') in 0.062328 seconds
  Import took 0.068910 seconds .

========================================================================
Received Prepare
Registering precompiled user dll's ...
Registered in 0.001888 seconds.
Begin MonoManager ReloadAssembly
Native extension for WindowsStandalone target not found
Refreshing native plugins compatible for Editor in 0.70 ms, found 0 plugins.
Preloading 0 native plugins for Editor in 0.00 ms.
Invoked RoslynAnalysisRunner static constructor.
RoslynAnalysisRunner will not be running.
RoslynAnalysisRunner has terminated.
Mono: successfully reloaded assembly
- Completed reload, in  1.738 seconds
Platform modules already initialized, skipping
Shader 'Universal Render Pipeline/Particles/Lit': fallback shader 'Universal Render Pipeline/Particles/SimpleLit' not found
Shader 'Universal Render Pipeline/Particles/Lit': fallback shader 'Universal Render Pipeline/Particles/SimpleLit' not found
Refreshing native plugins compatible for Editor in 0.57 ms, found 0 plugins.
Preloading 0 native plugins for Editor in 0.00 ms.
Unloading 2323 Unused Serialized files (Serialized files now loaded: 0)
System memory in use before: 115.5 MB.
System memory in use after: 113.7 MB.

Unloading 39 unused Assets to reduce memory usage. Loaded Objects now: 2896.
Total: 4.131900 ms (FindLiveObjects: 0.286100 ms CreateObjectMapping: 0.115900 ms MarkObjects: 2.248600 ms  DeleteObjects: 1.479100 ms)

========================================================================
Received Import Request.
  Time since last request: 84.839560 seconds.
  path: Assets/Scripts/BombPaster.cs
  artifactKey: Guid(ccb334d67a4230645b0739c501ae9ac3) Importer(815301076,1909f56bfc062723c751e8b465ee728b)
Start importing Assets/Scripts/BombPaster.cs using Guid(ccb334d67a4230645b0739c501ae9ac3) Importer(815301076,1909f56bfc062723c751e8b465ee728b)  -> (artifact id: 'c2202fe89cb2bc9c8bd6b122a48704ed') in 0.019456 seconds
  Import took 0.025016 seconds .

========================================================================
Received Prepare
Registering precompiled user dll's ...
Registered in 0.001953 seconds.
Begin MonoManager ReloadAssembly
Native extension for WindowsStandalone target not found
Refreshing native plugins compatible for Editor in 0.57 ms, found 0 plugins.
Preloading 0 native plugins for Editor in 0.00 ms.
Invoked RoslynAnalysisRunner static constructor.
RoslynAnalysisRunner will not be running.
RoslynAnalysisRunner has terminated.
Mono: successfully reloaded assembly
- Completed reload, in  1.592 seconds
Platform modules already initialized, skipping
Shader 'Universal Render Pipeline/Particles/Lit': fallback shader 'Universal Render Pipeline/Particles/SimpleLit' not found
Shader 'Universal Render Pipeline/Particles/Lit': fallback shader 'Universal Render Pipeline/Particles/SimpleLit' not found
Refreshing native plugins compatible for Editor in 0.76 ms, found 0 plugins.
Preloading 0 native plugins for Editor in 0.00 ms.
Unloading 2323 Unused Serialized files (Serialized files now loaded: 0)
System memory in use before: 116.6 MB.
System memory in use after: 114.7 MB.

Unloading 39 unused Assets to reduce memory usage. Loaded Objects now: 2898.
Total: 5.804400 ms (FindLiveObjects: 0.311100 ms CreateObjectMapping: 0.130000 ms MarkObjects: 3.693100 ms  DeleteObjects: 1.668200 ms)

========================================================================
Received Prepare
Registering precompiled user dll's ...
Registered in 0.001909 seconds.
Begin MonoManager ReloadAssembly
Native extension for WindowsStandalone target not found
Refreshing native plugins compatible for Editor in 0.53 ms, found 0 plugins.
Preloading 0 native plugins for Editor in 0.00 ms.
Invoked RoslynAnalysisRunner static constructor.
RoslynAnalysisRunner will not be running.
RoslynAnalysisRunner has terminated.
Mono: successfully reloaded assembly
- Completed reload, in  1.441 seconds
Platform modules already initialized, skipping
Shader 'Universal Render Pipeline/Particles/Lit': fallback shader 'Universal Render Pipeline/Particles/SimpleLit' not found
Shader 'Universal Render Pipeline/Particles/Lit': fallback shader 'Universal Render Pipeline/Particles/SimpleLit' not found
Refreshing native plugins compatible for Editor in 0.53 ms, found 0 plugins.
Preloading 0 native plugins for Editor in 0.00 ms.
Unloading 2323 Unused Serialized files (Serialized files now loaded: 0)
System memory in use before: 116.6 MB.
System memory in use after: 114.7 MB.

Unloading 39 unused Assets to reduce memory usage. Loaded Objects now: 2900.
Total: 4.883700 ms (FindLiveObjects: 0.318500 ms CreateObjectMapping: 0.121800 ms MarkObjects: 2.742000 ms  DeleteObjects: 1.698800 ms)

========================================================================
Received Import Request.
  Time since last request: 251.012766 seconds.
  path: Assets/Scripts/BombPaster.cs
  artifactKey: Guid(ccb334d67a4230645b0739c501ae9ac3) Importer(815301076,1909f56bfc062723c751e8b465ee728b)
Start importing Assets/Scripts/BombPaster.cs using Guid(ccb334d67a4230645b0739c501ae9ac3) Importer(815301076,1909f56bfc062723c751e8b465ee728b)  -> (artifact id: '1bf4b87bf890754594e435e6cf8b12f0') in 0.010771 seconds
  Import took 0.016836 seconds .

========================================================================
Received Import Request.
  Time since last request: 10.433803 seconds.
  path: Assets/Scripts/Vector3Extensions.cs
  artifactKey: Guid(b027a1e7ef34da54b87e3f9750633c2e) Importer(815301076,1909f56bfc062723c751e8b465ee728b)
Start importing Assets/Scripts/Vector3Extensions.cs using Guid(b027a1e7ef34da54b87e3f9750633c2e) Importer(815301076,1909f56bfc062723c751e8b465ee728b)  -> (artifact id: '7f053b05b8452df15319324f074f8207') in 0.021153 seconds
  Import took 0.029892 seconds .

========================================================================
Received Prepare
Registering precompiled user dll's ...
Registered in 0.001895 seconds.
Begin MonoManager ReloadAssembly
Native extension for WindowsStandalone target not found
Refreshing native plugins compatible for Editor in 0.70 ms, found 0 plugins.
Preloading 0 native plugins for Editor in 0.00 ms.
Invoked RoslynAnalysisRunner static constructor.
RoslynAnalysisRunner will not be running.
RoslynAnalysisRunner has terminated.
Mono: successfully reloaded assembly
- Completed reload, in  1.397 seconds
Platform modules already initialized, skipping
Shader 'Universal Render Pipeline/Particles/Lit': fallback shader 'Universal Render Pipeline/Particles/SimpleLit' not found
Shader 'Universal Render Pipeline/Particles/Lit': fallback shader 'Universal Render Pipeline/Particles/SimpleLit' not found
Refreshing native plugins compatible for Editor in 0.52 ms, found 0 plugins.
Preloading 0 native plugins for Editor in 0.00 ms.
Unloading 2324 Unused Serialized files (Serialized files now loaded: 0)
System memory in use before: 116.6 MB.
System memory in use after: 114.7 MB.

Unloading 39 unused Assets to reduce memory usage. Loaded Objects now: 2903.
Total: 4.608000 ms (FindLiveObjects: 0.438900 ms CreateObjectMapping: 0.159900 ms MarkObjects: 2.344300 ms  DeleteObjects: 1.663000 ms)

========================================================================
Received Prepare
Registering precompiled user dll's ...
Registered in 0.002256 seconds.
Begin MonoManager ReloadAssembly
Native extension for WindowsStandalone target not found
Refreshing native plugins compatible for Editor in 0.52 ms, found 0 plugins.
Preloading 0 native plugins for Editor in 0.00 ms.
Invoked RoslynAnalysisRunner static constructor.
RoslynAnalysisRunner will not be running.
RoslynAnalysisRunner has terminated.
Mono: successfully reloaded assembly
- Completed reload, in  1.393 seconds
Platform modules already initialized, skipping
Shader 'Universal Render Pipeline/Particles/Lit': fallback shader 'Universal Render Pipeline/Particles/SimpleLit' not found
Shader 'Universal Render Pipeline/Particles/Lit': fallback shader 'Universal Render Pipeline/Particles/SimpleLit' not found
Refreshing native plugins compatible for Editor in 0.53 ms, found 0 plugins.
Preloading 0 native plugins for Editor in 0.00 ms.
Unloading 2324 Unused Serialized files (Serialized files now loaded: 0)
System memory in use before: 116.6 MB.
System memory in use after: 114.7 MB.

Unloading 39 unused Assets to reduce memory usage. Loaded Objects now: 2905.
Total: 5.476400 ms (FindLiveObjects: 0.385400 ms CreateObjectMapping: 0.210700 ms MarkObjects: 2.829400 ms  DeleteObjects: 2.049000 ms)

========================================================================
Received Import Request.
  Time since last request: 295.491723 seconds.
  path: Assets/Scripts/Vector3Extensions.cs
  artifactKey: Guid(b027a1e7ef34da54b87e3f9750633c2e) Importer(815301076,1909f56bfc062723c751e8b465ee728b)
Start importing Assets/Scripts/Vector3Extensions.cs using Guid(b027a1e7ef34da54b87e3f9750633c2e) Importer(815301076,1909f56bfc062723c751e8b465ee728b)  -> (artifact id: '4402732313a98fb3914ed616c391faf3') in 0.008004 seconds
  Import took 0.013681 seconds .

========================================================================
Received Prepare
Registering precompiled user dll's ...
Registered in 0.002054 seconds.
Begin MonoManager ReloadAssembly
Native extension for WindowsStandalone target not found
Refreshing native plugins compatible for Editor in 0.52 ms, found 0 plugins.
Preloading 0 native plugins for Editor in 0.00 ms.
Invoked RoslynAnalysisRunner static constructor.
RoslynAnalysisRunner will not be running.
RoslynAnalysisRunner has terminated.
Mono: successfully reloaded assembly
- Completed reload, in  1.454 seconds
Platform modules already initialized, skipping
Shader 'Universal Render Pipeline/Particles/Lit': fallback shader 'Universal Render Pipeline/Particles/SimpleLit' not found
Shader 'Universal Render Pipeline/Particles/Lit': fallback shader 'Universal Render Pipeline/Particles/SimpleLit' not found
Refreshing native plugins compatible for Editor in 0.54 ms, found 0 plugins.
Preloading 0 native plugins for Editor in 0.00 ms.
Unloading 2324 Unused Serialized files (Serialized files now loaded: 0)
System memory in use before: 116.7 MB.
System memory in use after: 114.8 MB.

Unloading 39 unused Assets to reduce memory usage. Loaded Objects now: 2907.
Total: 5.078700 ms (FindLiveObjects: 0.313000 ms CreateObjectMapping: 0.125800 ms MarkObjects: 2.605900 ms  DeleteObjects: 2.032500 ms)

========================================================================
Received Prepare
Registering precompiled user dll's ...
Registered in 0.001939 seconds.
Begin MonoManager ReloadAssembly
Native extension for WindowsStandalone target not found
Refreshing native plugins compatible for Editor in 0.53 ms, found 0 plugins.
Preloading 0 native plugins for Editor in 0.00 ms.
Invoked RoslynAnalysisRunner static constructor.
RoslynAnalysisRunner will not be running.
RoslynAnalysisRunner has terminated.
Mono: successfully reloaded assembly
- Completed reload, in  1.419 seconds
Platform modules already initialized, skipping
Shader 'Universal Render Pipeline/Particles/Lit': fallback shader 'Universal Render Pipeline/Particles/SimpleLit' not found
Shader 'Universal Render Pipeline/Particles/Lit': fallback shader 'Universal Render Pipeline/Particles/SimpleLit' not found
Refreshing native plugins compatible for Editor in 0.52 ms, found 0 plugins.
Preloading 0 native plugins for Editor in 0.00 ms.
Unloading 2324 Unused Serialized files (Serialized files now loaded: 0)
System memory in use before: 116.7 MB.
System memory in use after: 114.8 MB.

Unloading 39 unused Assets to reduce memory usage. Loaded Objects now: 2909.
Total: 4.359500 ms (FindLiveObjects: 0.290200 ms CreateObjectMapping: 0.119000 ms MarkObjects: 2.255900 ms  DeleteObjects: 1.692600 ms)

========================================================================
Received Prepare
Registering precompiled user dll's ...
Registered in 0.002009 seconds.
Begin MonoManager ReloadAssembly
Native extension for WindowsStandalone target not found
Refreshing native plugins compatible for Editor in 0.52 ms, found 0 plugins.
Preloading 0 native plugins for Editor in 0.00 ms.
Invoked RoslynAnalysisRunner static constructor.
RoslynAnalysisRunner will not be running.
RoslynAnalysisRunner has terminated.
Mono: successfully reloaded assembly
- Completed reload, in  1.423 seconds
Platform modules already initialized, skipping
Shader 'Universal Render Pipeline/Particles/Lit': fallback shader 'Universal Render Pipeline/Particles/SimpleLit' not found
Shader 'Universal Render Pipeline/Particles/Lit': fallback shader 'Universal Render Pipeline/Particles/SimpleLit' not found
Refreshing native plugins compatible for Editor in 0.55 ms, found 0 plugins.
Preloading 0 native plugins for Editor in 0.00 ms.
Unloading 2324 Unused Serialized files (Serialized files now loaded: 0)
System memory in use before: 116.7 MB.
System memory in use after: 114.8 MB.

Unloading 39 unused Assets to reduce memory usage. Loaded Objects now: 2911.
Total: 7.377000 ms (FindLiveObjects: 0.340900 ms CreateObjectMapping: 0.159700 ms MarkObjects: 4.562800 ms  DeleteObjects: 2.311400 ms)

========================================================================
Received Prepare
Registering precompiled user dll's ...
Registered in 0.002110 seconds.
Begin MonoManager ReloadAssembly
Native extension for WindowsStandalone target not found
Refreshing native plugins compatible for Editor in 0.52 ms, found 0 plugins.
Preloading 0 native plugins for Editor in 0.00 ms.
Invoked RoslynAnalysisRunner static constructor.
RoslynAnalysisRunner will not be running.
RoslynAnalysisRunner has terminated.
Mono: successfully reloaded assembly
- Completed reload, in  1.418 seconds
Platform modules already initialized, skipping
Shader 'Universal Render Pipeline/Particles/Lit': fallback shader 'Universal Render Pipeline/Particles/SimpleLit' not found
Shader 'Universal Render Pipeline/Particles/Lit': fallback shader 'Universal Render Pipeline/Particles/SimpleLit' not found
Refreshing native plugins compatible for Editor in 0.52 ms, found 0 plugins.
Preloading 0 native plugins for Editor in 0.00 ms.
Unloading 2324 Unused Serialized files (Serialized files now loaded: 0)
System memory in use before: 116.6 MB.
System memory in use after: 114.7 MB.

Unloading 39 unused Assets to reduce memory usage. Loaded Objects now: 2913.
Total: 4.914700 ms (FindLiveObjects: 0.316400 ms CreateObjectMapping: 0.125200 ms MarkObjects: 2.527600 ms  DeleteObjects: 1.943500 ms)

========================================================================
Received Import Request.
  Time since last request: 810.996747 seconds.
  path: Assets/Prefabs/BombDummy
  artifactKey: Guid(6770136b2ca288042a3e24bf0c453dd7) Importer(815301076,1909f56bfc062723c751e8b465ee728b)
Start importing Assets/Prefabs/BombDummy using Guid(6770136b2ca288042a3e24bf0c453dd7) Importer(815301076,1909f56bfc062723c751e8b465ee728b)  -> (artifact id: '7cb81b41d171b9a97185765757adc934') in 0.016682 seconds
  Import took 0.040115 seconds .

========================================================================
Received Import Request.
  Time since last request: 44.045707 seconds.
  path: Assets/Prefabs/BombDummy/pirate_bomb._reducedfbx (1) Variant.prefab
  artifactKey: Guid(8756aa08bf14d3f4397cfcd52ae21d80) Importer(815301076,1909f56bfc062723c751e8b465ee728b)
Start importing Assets/Prefabs/BombDummy/pirate_bomb._reducedfbx (1) Variant.prefab using Guid(8756aa08bf14d3f4397cfcd52ae21d80) Importer(815301076,1909f56bfc062723c751e8b465ee728b)  -> (artifact id: 'f17bd6aa9c2c152970d7ad2107f19fae') in 0.343195 seconds
  Import took 0.349292 seconds .

========================================================================
Received Import Request.
  Time since last request: 32.568714 seconds.
  path: Assets/Prefabs/BombDummy/DummyMaterial.mat
  artifactKey: Guid(46af8f26ff82f914194a41d3659f5c4d) Importer(815301076,1909f56bfc062723c751e8b465ee728b)
Start importing Assets/Prefabs/BombDummy/DummyMaterial.mat using Guid(46af8f26ff82f914194a41d3659f5c4d) Importer(815301076,1909f56bfc062723c751e8b465ee728b)  -> (artifact id: 'd3271c9fea4fdfdeb914c72790b56bf1') in 0.055659 seconds
  Import took 0.061728 seconds .

========================================================================
Received Import Request.
  Time since last request: 36.817746 seconds.
  path: Assets/Prefabs/BombDummy/pirate_bomb._reducedfbx (1) Variant.prefab
  artifactKey: Guid(8756aa08bf14d3f4397cfcd52ae21d80) Importer(815301076,1909f56bfc062723c751e8b465ee728b)
Start importing Assets/Prefabs/BombDummy/pirate_bomb._reducedfbx (1) Variant.prefab using Guid(8756aa08bf14d3f4397cfcd52ae21d80) Importer(815301076,1909f56bfc062723c751e8b465ee728b)  -> (artifact id: '013b2efe43c548c21fb14360d7c211f4') in 0.025722 seconds
  Import took 0.032360 seconds .

========================================================================
Received Import Request.
  Time since last request: 17.662941 seconds.
  path: Assets/Prefabs/BombDummy/DummyMaterial.mat
  artifactKey: Guid(46af8f26ff82f914194a41d3659f5c4d) Importer(815301076,1909f56bfc062723c751e8b465ee728b)
Start importing Assets/Prefabs/BombDummy/DummyMaterial.mat using Guid(46af8f26ff82f914194a41d3659f5c4d) Importer(815301076,1909f56bfc062723c751e8b465ee728b)  -> (artifact id: '094b25b224d988e87a6a8fe49de45fdf') in 0.040360 seconds
  Import took 0.047700 seconds .

========================================================================
Received Prepare
Registering precompiled user dll's ...
Registered in 0.002095 seconds.
Begin MonoManager ReloadAssembly
Native extension for WindowsStandalone target not found
Refreshing native plugins compatible for Editor in 0.53 ms, found 0 plugins.
Preloading 0 native plugins for Editor in 0.00 ms.
Invoked RoslynAnalysisRunner static constructor.
RoslynAnalysisRunner will not be running.
RoslynAnalysisRunner has terminated.
Mono: successfully reloaded assembly
- Completed reload, in  1.486 seconds
Platform modules already initialized, skipping
Shader 'Universal Render Pipeline/Particles/Lit': fallback shader 'Universal Render Pipeline/Particles/SimpleLit' not found
Shader 'Universal Render Pipeline/Particles/Lit': fallback shader 'Universal Render Pipeline/Particles/SimpleLit' not found
Refreshing native plugins compatible for Editor in 0.52 ms, found 0 plugins.
Preloading 0 native plugins for Editor in 0.00 ms.
Unloading 2324 Unused Serialized files (Serialized files now loaded: 0)
System memory in use before: 116.8 MB.
System memory in use after: 114.9 MB.

Unloading 39 unused Assets to reduce memory usage. Loaded Objects now: 2951.
Total: 4.673700 ms (FindLiveObjects: 0.328700 ms CreateObjectMapping: 0.120700 ms MarkObjects: 2.509100 ms  DeleteObjects: 1.713200 ms)

========================================================================
Received Prepare
Registering precompiled user dll's ...
Registered in 0.002132 seconds.
Begin MonoManager ReloadAssembly
Native extension for WindowsStandalone target not found
Refreshing native plugins compatible for Editor in 0.52 ms, found 0 plugins.
Preloading 0 native plugins for Editor in 0.00 ms.
Invoked RoslynAnalysisRunner static constructor.
RoslynAnalysisRunner will not be running.
RoslynAnalysisRunner has terminated.
Mono: successfully reloaded assembly
- Completed reload, in  1.438 seconds
Platform modules already initialized, skipping
Shader 'Universal Render Pipeline/Particles/Lit': fallback shader 'Universal Render Pipeline/Particles/SimpleLit' not found
Shader 'Universal Render Pipeline/Particles/Lit': fallback shader 'Universal Render Pipeline/Particles/SimpleLit' not found
Refreshing native plugins compatible for Editor in 0.55 ms, found 0 plugins.
Preloading 0 native plugins for Editor in 0.00 ms.
Unloading 2324 Unused Serialized files (Serialized files now loaded: 0)
System memory in use before: 116.9 MB.
System memory in use after: 115.0 MB.

Unloading 39 unused Assets to reduce memory usage. Loaded Objects now: 2953.
Total: 4.829100 ms (FindLiveObjects: 0.339200 ms CreateObjectMapping: 0.125000 ms MarkObjects: 2.661700 ms  DeleteObjects: 1.701600 ms)

========================================================================
Received Prepare
Registering precompiled user dll's ...
Registered in 0.002061 seconds.
Begin MonoManager ReloadAssembly
Native extension for WindowsStandalone target not found
Refreshing native plugins compatible for Editor in 0.56 ms, found 0 plugins.
Preloading 0 native plugins for Editor in 0.00 ms.
Invoked RoslynAnalysisRunner static constructor.
RoslynAnalysisRunner will not be running.
RoslynAnalysisRunner has terminated.
Mono: successfully reloaded assembly
- Completed reload, in  1.365 seconds
Platform modules already initialized, skipping
Shader 'Universal Render Pipeline/Particles/Lit': fallback shader 'Universal Render Pipeline/Particles/SimpleLit' not found
Shader 'Universal Render Pipeline/Particles/Lit': fallback shader 'Universal Render Pipeline/Particles/SimpleLit' not found
Refreshing native plugins compatible for Editor in 0.53 ms, found 0 plugins.
Preloading 0 native plugins for Editor in 0.00 ms.
Unloading 2324 Unused Serialized files (Serialized files now loaded: 0)
System memory in use before: 116.8 MB.
System memory in use after: 115.0 MB.

Unloading 39 unused Assets to reduce memory usage. Loaded Objects now: 2955.
Total: 4.509100 ms (FindLiveObjects: 0.358300 ms CreateObjectMapping: 0.122000 ms MarkObjects: 2.341900 ms  DeleteObjects: 1.685100 ms)

========================================================================
Received Prepare
Registering precompiled user dll's ...
Registered in 0.002316 seconds.
Begin MonoManager ReloadAssembly
Native extension for WindowsStandalone target not found
Refreshing native plugins compatible for Editor in 0.53 ms, found 0 plugins.
Preloading 0 native plugins for Editor in 0.00 ms.
Invoked RoslynAnalysisRunner static constructor.
RoslynAnalysisRunner will not be running.
RoslynAnalysisRunner has terminated.
Mono: successfully reloaded assembly
- Completed reload, in  1.402 seconds
Platform modules already initialized, skipping
Shader 'Universal Render Pipeline/Particles/Lit': fallback shader 'Universal Render Pipeline/Particles/SimpleLit' not found
Shader 'Universal Render Pipeline/Particles/Lit': fallback shader 'Universal Render Pipeline/Particles/SimpleLit' not found
Refreshing native plugins compatible for Editor in 0.52 ms, found 0 plugins.
Preloading 0 native plugins for Editor in 0.00 ms.
Unloading 2324 Unused Serialized files (Serialized files now loaded: 0)
System memory in use before: 116.9 MB.
System memory in use after: 115.0 MB.

Unloading 39 unused Assets to reduce memory usage. Loaded Objects now: 2957.
Total: 4.563500 ms (FindLiveObjects: 0.350600 ms CreateObjectMapping: 0.145900 ms MarkObjects: 2.351100 ms  DeleteObjects: 1.714200 ms)

========================================================================
Received Prepare
Registering precompiled user dll's ...
Registered in 0.001953 seconds.
Begin MonoManager ReloadAssembly
Native extension for WindowsStandalone target not found
Refreshing native plugins compatible for Editor in 0.53 ms, found 0 plugins.
Preloading 0 native plugins for Editor in 0.00 ms.
Invoked RoslynAnalysisRunner static constructor.
RoslynAnalysisRunner will not be running.
RoslynAnalysisRunner has terminated.
Mono: successfully reloaded assembly
- Completed reload, in  1.463 seconds
Platform modules already initialized, skipping
Shader 'Universal Render Pipeline/Particles/Lit': fallback shader 'Universal Render Pipeline/Particles/SimpleLit' not found
Shader 'Universal Render Pipeline/Particles/Lit': fallback shader 'Universal Render Pipeline/Particles/SimpleLit' not found
Refreshing native plugins compatible for Editor in 0.53 ms, found 0 plugins.
Preloading 0 native plugins for Editor in 0.00 ms.
Unloading 2324 Unused Serialized files (Serialized files now loaded: 0)
System memory in use before: 116.8 MB.
System memory in use after: 114.9 MB.

Unloading 39 unused Assets to reduce memory usage. Loaded Objects now: 2959.
Total: 4.644700 ms (FindLiveObjects: 0.326400 ms CreateObjectMapping: 0.121300 ms MarkObjects: 2.465100 ms  DeleteObjects: 1.730500 ms)

========================================================================
Received Prepare
Registering precompiled user dll's ...
Registered in 0.001970 seconds.
Begin MonoManager ReloadAssembly
Native extension for WindowsStandalone target not found
Refreshing native plugins compatible for Editor in 0.55 ms, found 0 plugins.
Preloading 0 native plugins for Editor in 0.00 ms.
Invoked RoslynAnalysisRunner static constructor.
RoslynAnalysisRunner will not be running.
RoslynAnalysisRunner has terminated.
Mono: successfully reloaded assembly
- Completed reload, in  1.407 seconds
Platform modules already initialized, skipping
Shader 'Universal Render Pipeline/Particles/Lit': fallback shader 'Universal Render Pipeline/Particles/SimpleLit' not found
Shader 'Universal Render Pipeline/Particles/Lit': fallback shader 'Universal Render Pipeline/Particles/SimpleLit' not found
Refreshing native plugins compatible for Editor in 0.57 ms, found 0 plugins.
Preloading 0 native plugins for Editor in 0.00 ms.
Unloading 2324 Unused Serialized files (Serialized files now loaded: 0)
System memory in use before: 116.8 MB.
System memory in use after: 114.9 MB.

Unloading 39 unused Assets to reduce memory usage. Loaded Objects now: 2961.
Total: 4.892800 ms (FindLiveObjects: 0.349100 ms CreateObjectMapping: 0.137800 ms MarkObjects: 2.689100 ms  DeleteObjects: 1.713700 ms)

========================================================================
Received Prepare
Registering precompiled user dll's ...
Registered in 0.001931 seconds.
Begin MonoManager ReloadAssembly
Native extension for WindowsStandalone target not found
Refreshing native plugins compatible for Editor in 0.53 ms, found 0 plugins.
Preloading 0 native plugins for Editor in 0.00 ms.
Invoked RoslynAnalysisRunner static constructor.
RoslynAnalysisRunner will not be running.
RoslynAnalysisRunner has terminated.
Mono: successfully reloaded assembly
- Completed reload, in  1.428 seconds
Platform modules already initialized, skipping
Shader 'Universal Render Pipeline/Particles/Lit': fallback shader 'Universal Render Pipeline/Particles/SimpleLit' not found
Shader 'Universal Render Pipeline/Particles/Lit': fallback shader 'Universal Render Pipeline/Particles/SimpleLit' not found
Refreshing native plugins compatible for Editor in 0.53 ms, found 0 plugins.
Preloading 0 native plugins for Editor in 0.00 ms.
Unloading 2324 Unused Serialized files (Serialized files now loaded: 0)
System memory in use before: 116.9 MB.
System memory in use after: 115.0 MB.

Unloading 39 unused Assets to reduce memory usage. Loaded Objects now: 2963.
Total: 5.024000 ms (FindLiveObjects: 0.331200 ms CreateObjectMapping: 0.131400 ms MarkObjects: 2.761200 ms  DeleteObjects: 1.798000 ms)

========================================================================
Received Prepare
Registering precompiled user dll's ...
Registered in 0.002894 seconds.
Begin MonoManager ReloadAssembly
Native extension for WindowsStandalone target not found
Refreshing native plugins compatible for Editor in 0.58 ms, found 0 plugins.
Preloading 0 native plugins for Editor in 0.00 ms.
Invoked RoslynAnalysisRunner static constructor.
RoslynAnalysisRunner will not be running.
RoslynAnalysisRunner has terminated.
Mono: successfully reloaded assembly
- Completed reload, in  2.413 seconds
Platform modules already initialized, skipping
Shader 'Universal Render Pipeline/Particles/Lit': fallback shader 'Universal Render Pipeline/Particles/SimpleLit' not found
Shader 'Universal Render Pipeline/Particles/Lit': fallback shader 'Universal Render Pipeline/Particles/SimpleLit' not found
Refreshing native plugins compatible for Editor in 0.55 ms, found 0 plugins.
Preloading 0 native plugins for Editor in 0.00 ms.
Unloading 2324 Unused Serialized files (Serialized files now loaded: 0)
System memory in use before: 116.9 MB.
System memory in use after: 115.0 MB.

Unloading 39 unused Assets to reduce memory usage. Loaded Objects now: 2965.
Total: 11.157900 ms (FindLiveObjects: 0.442100 ms CreateObjectMapping: 4.893500 ms MarkObjects: 3.873300 ms  DeleteObjects: 1.947100 ms)

========================================================================
Received Prepare
Registering precompiled user dll's ...
Registered in 0.002187 seconds.
Begin MonoManager ReloadAssembly
Native extension for WindowsStandalone target not found
Refreshing native plugins compatible for Editor in 0.53 ms, found 0 plugins.
Preloading 0 native plugins for Editor in 0.00 ms.
Invoked RoslynAnalysisRunner static constructor.
RoslynAnalysisRunner will not be running.
RoslynAnalysisRunner has terminated.
Mono: successfully reloaded assembly
- Completed reload, in  1.451 seconds
Platform modules already initialized, skipping
Shader 'Universal Render Pipeline/Particles/Lit': fallback shader 'Universal Render Pipeline/Particles/SimpleLit' not found
Shader 'Universal Render Pipeline/Particles/Lit': fallback shader 'Universal Render Pipeline/Particles/SimpleLit' not found
Refreshing native plugins compatible for Editor in 0.53 ms, found 0 plugins.
Preloading 0 native plugins for Editor in 0.00 ms.
Unloading 2324 Unused Serialized files (Serialized files now loaded: 0)
System memory in use before: 116.9 MB.
System memory in use after: 115.0 MB.

Unloading 39 unused Assets to reduce memory usage. Loaded Objects now: 2967.
Total: 4.924700 ms (FindLiveObjects: 0.406400 ms CreateObjectMapping: 0.283500 ms MarkObjects: 2.521300 ms  DeleteObjects: 1.711700 ms)

========================================================================
Received Prepare
Registering precompiled user dll's ...
Registered in 0.001942 seconds.
Begin MonoManager ReloadAssembly
Native extension for WindowsStandalone target not found
Refreshing native plugins compatible for Editor in 0.54 ms, found 0 plugins.
Preloading 0 native plugins for Editor in 0.00 ms.
Invoked RoslynAnalysisRunner static constructor.
RoslynAnalysisRunner will not be running.
RoslynAnalysisRunner has terminated.
Mono: successfully reloaded assembly
- Completed reload, in  1.472 seconds
Platform modules already initialized, skipping
Shader 'Universal Render Pipeline/Particles/Lit': fallback shader 'Universal Render Pipeline/Particles/SimpleLit' not found
Shader 'Universal Render Pipeline/Particles/Lit': fallback shader 'Universal Render Pipeline/Particles/SimpleLit' not found
Refreshing native plugins compatible for Editor in 0.53 ms, found 0 plugins.
Preloading 0 native plugins for Editor in 0.00 ms.
Unloading 2324 Unused Serialized files (Serialized files now loaded: 0)
System memory in use before: 116.8 MB.
System memory in use after: 114.9 MB.

Unloading 39 unused Assets to reduce memory usage. Loaded Objects now: 2969.
Total: 28.541700 ms (FindLiveObjects: 0.366800 ms CreateObjectMapping: 0.145900 ms MarkObjects: 26.335300 ms  DeleteObjects: 1.691300 ms)

========================================================================
Received Prepare
Registering precompiled user dll's ...
Registered in 0.002583 seconds.
Begin MonoManager ReloadAssembly
Native extension for WindowsStandalone target not found
Refreshing native plugins compatible for Editor in 0.77 ms, found 0 plugins.
Preloading 0 native plugins for Editor in 0.00 ms.
Invoked RoslynAnalysisRunner static constructor.
RoslynAnalysisRunner will not be running.
RoslynAnalysisRunner has terminated.
Mono: successfully reloaded assembly
- Completed reload, in  1.450 seconds
Platform modules already initialized, skipping
Shader 'Universal Render Pipeline/Particles/Lit': fallback shader 'Universal Render Pipeline/Particles/SimpleLit' not found
Shader 'Universal Render Pipeline/Particles/Lit': fallback shader 'Universal Render Pipeline/Particles/SimpleLit' not found
Refreshing native plugins compatible for Editor in 0.52 ms, found 0 plugins.
Preloading 0 native plugins for Editor in 0.00 ms.
Unloading 2324 Unused Serialized files (Serialized files now loaded: 0)
System memory in use before: 116.8 MB.
System memory in use after: 114.9 MB.

Unloading 39 unused Assets to reduce memory usage. Loaded Objects now: 2971.
Total: 4.492700 ms (FindLiveObjects: 0.313700 ms CreateObjectMapping: 0.118600 ms MarkObjects: 2.368100 ms  DeleteObjects: 1.690500 ms)

========================================================================
Received Prepare
Registering precompiled user dll's ...
Registered in 0.003414 seconds.
Begin MonoManager ReloadAssembly
Native extension for WindowsStandalone target not found
Refreshing native plugins compatible for Editor in 0.54 ms, found 0 plugins.
Preloading 0 native plugins for Editor in 0.00 ms.
Invoked RoslynAnalysisRunner static constructor.
RoslynAnalysisRunner will not be running.
RoslynAnalysisRunner has terminated.
Mono: successfully reloaded assembly
- Completed reload, in  1.411 seconds
Platform modules already initialized, skipping
Shader 'Universal Render Pipeline/Particles/Lit': fallback shader 'Universal Render Pipeline/Particles/SimpleLit' not found
Shader 'Universal Render Pipeline/Particles/Lit': fallback shader 'Universal Render Pipeline/Particles/SimpleLit' not found
Refreshing native plugins compatible for Editor in 0.52 ms, found 0 plugins.
Preloading 0 native plugins for Editor in 0.00 ms.
Unloading 2324 Unused Serialized files (Serialized files now loaded: 0)
System memory in use before: 116.9 MB.
System memory in use after: 115.0 MB.

Unloading 39 unused Assets to reduce memory usage. Loaded Objects now: 2973.
Total: 4.710500 ms (FindLiveObjects: 0.339700 ms CreateObjectMapping: 0.123200 ms MarkObjects: 2.526300 ms  DeleteObjects: 1.719300 ms)

========================================================================
Received Prepare
Registering precompiled user dll's ...
Registered in 0.002154 seconds.
Begin MonoManager ReloadAssembly
Native extension for WindowsStandalone target not found
Refreshing native plugins compatible for Editor in 0.61 ms, found 0 plugins.
Preloading 0 native plugins for Editor in 0.00 ms.
Invoked RoslynAnalysisRunner static constructor.
RoslynAnalysisRunner will not be running.
RoslynAnalysisRunner has terminated.
Mono: successfully reloaded assembly
- Completed reload, in  1.424 seconds
Platform modules already initialized, skipping
Shader 'Universal Render Pipeline/Particles/Lit': fallback shader 'Universal Render Pipeline/Particles/SimpleLit' not found
Shader 'Universal Render Pipeline/Particles/Lit': fallback shader 'Universal Render Pipeline/Particles/SimpleLit' not found
Refreshing native plugins compatible for Editor in 0.53 ms, found 0 plugins.
Preloading 0 native plugins for Editor in 0.00 ms.
Unloading 2324 Unused Serialized files (Serialized files now loaded: 0)
System memory in use before: 116.9 MB.
System memory in use after: 115.0 MB.

Unloading 39 unused Assets to reduce memory usage. Loaded Objects now: 2975.
Total: 4.782000 ms (FindLiveObjects: 0.339500 ms CreateObjectMapping: 0.159300 ms MarkObjects: 2.567500 ms  DeleteObjects: 1.713600 ms)

========================================================================
Received Prepare
Registering precompiled user dll's ...
Registered in 0.002064 seconds.
Begin MonoManager ReloadAssembly
Native extension for WindowsStandalone target not found
Refreshing native plugins compatible for Editor in 0.52 ms, found 0 plugins.
Preloading 0 native plugins for Editor in 0.00 ms.
Invoked RoslynAnalysisRunner static constructor.
RoslynAnalysisRunner will not be running.
RoslynAnalysisRunner has terminated.
Mono: successfully reloaded assembly
- Completed reload, in  1.369 seconds
Platform modules already initialized, skipping
Shader 'Universal Render Pipeline/Particles/Lit': fallback shader 'Universal Render Pipeline/Particles/SimpleLit' not found
Shader 'Universal Render Pipeline/Particles/Lit': fallback shader 'Universal Render Pipeline/Particles/SimpleLit' not found
Refreshing native plugins compatible for Editor in 0.53 ms, found 0 plugins.
Preloading 0 native plugins for Editor in 0.00 ms.
Unloading 2324 Unused Serialized files (Serialized files now loaded: 0)
System memory in use before: 116.9 MB.
System memory in use after: 115.0 MB.

Unloading 39 unused Assets to reduce memory usage. Loaded Objects now: 2977.
Total: 5.235500 ms (FindLiveObjects: 0.464200 ms CreateObjectMapping: 0.135100 ms MarkObjects: 2.585600 ms  DeleteObjects: 2.048600 ms)

========================================================================
Received Prepare
Registering precompiled user dll's ...
Registered in 0.001945 seconds.
Begin MonoManager ReloadAssembly
Native extension for WindowsStandalone target not found
Refreshing native plugins compatible for Editor in 0.56 ms, found 0 plugins.
Preloading 0 native plugins for Editor in 0.00 ms.
Invoked RoslynAnalysisRunner static constructor.
RoslynAnalysisRunner will not be running.
RoslynAnalysisRunner has terminated.
Mono: successfully reloaded assembly
- Completed reload, in  1.540 seconds
Platform modules already initialized, skipping
Shader 'Universal Render Pipeline/Particles/Lit': fallback shader 'Universal Render Pipeline/Particles/SimpleLit' not found
Shader 'Universal Render Pipeline/Particles/Lit': fallback shader 'Universal Render Pipeline/Particles/SimpleLit' not found
Refreshing native plugins compatible for Editor in 0.52 ms, found 0 plugins.
Preloading 0 native plugins for Editor in 0.00 ms.
Unloading 2324 Unused Serialized files (Serialized files now loaded: 0)
System memory in use before: 116.8 MB.
System memory in use after: 114.9 MB.

Unloading 39 unused Assets to reduce memory usage. Loaded Objects now: 2979.
Total: 4.592000 ms (FindLiveObjects: 0.323900 ms CreateObjectMapping: 0.124100 ms MarkObjects: 2.363600 ms  DeleteObjects: 1.778600 ms)

========================================================================
Received Prepare
Registering precompiled user dll's ...
Registered in 0.002884 seconds.
Begin MonoManager ReloadAssembly
Native extension for WindowsStandalone target not found
Refreshing native plugins compatible for Editor in 0.53 ms, found 0 plugins.
Preloading 0 native plugins for Editor in 0.00 ms.
Invoked RoslynAnalysisRunner static constructor.
RoslynAnalysisRunner will not be running.
RoslynAnalysisRunner has terminated.
Mono: successfully reloaded assembly
- Completed reload, in  1.363 seconds
Platform modules already initialized, skipping
Shader 'Universal Render Pipeline/Particles/Lit': fallback shader 'Universal Render Pipeline/Particles/SimpleLit' not found
Shader 'Universal Render Pipeline/Particles/Lit': fallback shader 'Universal Render Pipeline/Particles/SimpleLit' not found
Refreshing native plugins compatible for Editor in 0.52 ms, found 0 plugins.
Preloading 0 native plugins for Editor in 0.00 ms.
Unloading 2324 Unused Serialized files (Serialized files now loaded: 0)
System memory in use before: 116.8 MB.
System memory in use after: 114.9 MB.

Unloading 39 unused Assets to reduce memory usage. Loaded Objects now: 2981.
Total: 4.503500 ms (FindLiveObjects: 0.312100 ms CreateObjectMapping: 0.121100 ms MarkObjects: 2.370500 ms  DeleteObjects: 1.698400 ms)

========================================================================
Received Prepare
Registering precompiled user dll's ...
Registered in 0.002569 seconds.
Begin MonoManager ReloadAssembly
Native extension for WindowsStandalone target not found
Refreshing native plugins compatible for Editor in 0.57 ms, found 0 plugins.
Preloading 0 native plugins for Editor in 0.00 ms.
Invoked RoslynAnalysisRunner static constructor.
RoslynAnalysisRunner will not be running.
RoslynAnalysisRunner has terminated.
Mono: successfully reloaded assembly
- Completed reload, in  1.398 seconds
Platform modules already initialized, skipping
Shader 'Universal Render Pipeline/Particles/Lit': fallback shader 'Universal Render Pipeline/Particles/SimpleLit' not found
Shader 'Universal Render Pipeline/Particles/Lit': fallback shader 'Universal Render Pipeline/Particles/SimpleLit' not found
Refreshing native plugins compatible for Editor in 0.57 ms, found 0 plugins.
Preloading 0 native plugins for Editor in 0.00 ms.
Unloading 2324 Unused Serialized files (Serialized files now loaded: 0)
System memory in use before: 116.9 MB.
System memory in use after: 115.0 MB.

Unloading 39 unused Assets to reduce memory usage. Loaded Objects now: 2983.
Total: 4.533700 ms (FindLiveObjects: 0.311600 ms CreateObjectMapping: 0.122400 ms MarkObjects: 2.407600 ms  DeleteObjects: 1.689600 ms)

========================================================================
Received Import Request.
  Time since last request: 2664.571016 seconds.
  path: Assets/Prefabs/Puddle
  artifactKey: Guid(2cf31895d621cca47a44c84d502d09ae) Importer(815301076,1909f56bfc062723c751e8b465ee728b)
Start importing Assets/Prefabs/Puddle using Guid(2cf31895d621cca47a44c84d502d09ae) Importer(815301076,1909f56bfc062723c751e8b465ee728b)  -> (artifact id: '602bab468d31f8e14af9bb4518833107') in 0.018779 seconds
  Import took 0.026410 seconds .

========================================================================
Received Import Request.
  Time since last request: 11.441236 seconds.
  path: Assets/Models/Puddle
  artifactKey: Guid(1020633515f3f0b42afb1673f77e0540) Importer(815301076,1909f56bfc062723c751e8b465ee728b)
Start importing Assets/Models/Puddle using Guid(1020633515f3f0b42afb1673f77e0540) Importer(815301076,1909f56bfc062723c751e8b465ee728b)  -> (artifact id: 'adb85037d3b4c1068927aa8fd9438bbe') in 0.007093 seconds
  Import took 0.013548 seconds .

========================================================================
Received Import Request.
  Time since last request: 107.453483 seconds.
  path: Assets/Models/Puddle/Spalts for sketchfab
  artifactKey: Guid(62825ca9a63507640b98bb295264d6e2) Importer(815301076,1909f56bfc062723c751e8b465ee728b)
Start importing Assets/Models/Puddle/Spalts for sketchfab using Guid(62825ca9a63507640b98bb295264d6e2) Importer(815301076,1909f56bfc062723c751e8b465ee728b)  -> (artifact id: '59d2a9312a2d0fe463bf4ffb6d583b63') in 0.016187 seconds
  Import took 0.022685 seconds .

========================================================================
Received Import Request.
  Time since last request: 0.203928 seconds.
  path: Assets/Models/Puddle/Spalts for sketchfab/Splat_01.fbx
  artifactKey: Guid(3dd65725c43f53f4c9d55f398c83d4b1) Importer(815301076,1909f56bfc062723c751e8b465ee728b)
Start importing Assets/Models/Puddle/Spalts for sketchfab/Splat_01.fbx using Guid(3dd65725c43f53f4c9d55f398c83d4b1) Importer(815301076,1909f56bfc062723c751e8b465ee728b)  -> (artifact id: '01b5c7a14e68fb7c40730617acb5edbf') in 0.475795 seconds
  Import took 0.482117 seconds .

========================================================================
Received Import Request.
  Time since last request: 0.000280 seconds.
  path: Assets/Models/Puddle/Spalts for sketchfab/Splat_02.fbx
  artifactKey: Guid(947ab894696354e469aa83bbebbd7595) Importer(815301076,1909f56bfc062723c751e8b465ee728b)
Start importing Assets/Models/Puddle/Spalts for sketchfab/Splat_02.fbx using Guid(947ab894696354e469aa83bbebbd7595) Importer(815301076,1909f56bfc062723c751e8b465ee728b)  -> (artifact id: '0d8c7a3b19a60031dc104c7641cacb21') in 0.051678 seconds
  Import took 0.057633 seconds .

========================================================================
Received Import Request.
  Time since last request: 0.000351 seconds.
  path: Assets/Models/Puddle/Spalts for sketchfab/Splat_02.obj
  artifactKey: Guid(b5f93664c11a5ce469b472d212e58d27) Importer(815301076,1909f56bfc062723c751e8b465ee728b)
Start importing Assets/Models/Puddle/Spalts for sketchfab/Splat_02.obj using Guid(b5f93664c11a5ce469b472d212e58d27) Importer(815301076,1909f56bfc062723c751e8b465ee728b)  -> (artifact id: '6bd83a9a9f88f36fd1a956ea9656ed6c') in 0.064500 seconds
  Import took 0.071147 seconds .

========================================================================
Received Import Request.
  Time since last request: 0.000275 seconds.
  path: Assets/Models/Puddle/Spalts for sketchfab/Splat_01.obj
  artifactKey: Guid(c0c659f3fef5c14439f3a9f262846b0c) Importer(815301076,1909f56bfc062723c751e8b465ee728b)
Start importing Assets/Models/Puddle/Spalts for sketchfab/Splat_01.obj using Guid(c0c659f3fef5c14439f3a9f262846b0c) Importer(815301076,1909f56bfc062723c751e8b465ee728b)  -> (artifact id: '19d718a84b70e14b13c56143ceb076f7') in 0.062411 seconds
  Import took 0.069015 seconds .

========================================================================
Received Import Request.
  Time since last request: 9.469857 seconds.
  path: Assets/Models/Puddle/Spalts for sketchfab/Splat_01.mtl
  artifactKey: Guid(947e989f17ec8ae4c832325caf978a19) Importer(815301076,1909f56bfc062723c751e8b465ee728b)
Start importing Assets/Models/Puddle/Spalts for sketchfab/Splat_01.mtl using Guid(947e989f17ec8ae4c832325caf978a19) Importer(815301076,1909f56bfc062723c751e8b465ee728b)  -> (artifact id: '1119f31455e8eea92cdf20f1c587f1eb') in 0.007891 seconds
  Import took 0.015489 seconds .

========================================================================
Received Import Request.
  Time since last request: 466.963675 seconds.
  path: Assets/Models/Puddle/Spalts for sketchfab/Splat_01.fbx
  artifactKey: Guid(3dd65725c43f53f4c9d55f398c83d4b1) Importer(815301076,1909f56bfc062723c751e8b465ee728b)
Start importing Assets/Models/Puddle/Spalts for sketchfab/Splat_01.fbx using Guid(3dd65725c43f53f4c9d55f398c83d4b1) Importer(815301076,1909f56bfc062723c751e8b465ee728b)  -> (artifact id: 'c19f405981c7928c8e379d9b13212e4e') in 0.107038 seconds
  Import took 0.123068 seconds .

========================================================================
Received Import Request.
  Time since last request: 18.410115 seconds.
  path: Assets/Models/Puddle/Spalts for sketchfab/Splat_01.fbx
  artifactKey: Guid(3dd65725c43f53f4c9d55f398c83d4b1) Importer(815301076,1909f56bfc062723c751e8b465ee728b)
Start importing Assets/Models/Puddle/Spalts for sketchfab/Splat_01.fbx using Guid(3dd65725c43f53f4c9d55f398c83d4b1) Importer(815301076,1909f56bfc062723c751e8b465ee728b)  -> (artifact id: 'a2a3e3ab993c4f0ae5c6dff747bfcece') in 0.042695 seconds
  Import took 0.048510 seconds .

========================================================================
Received Import Request.
  Time since last request: 0.004722 seconds.
  path: Assets/Models/Puddle/Spalts for sketchfab/Splat_01.fbx
  artifactKey: Guid(3dd65725c43f53f4c9d55f398c83d4b1) Importer(815301076,1909f56bfc062723c751e8b465ee728b)
Start importing Assets/Models/Puddle/Spalts for sketchfab/Splat_01.fbx using Guid(3dd65725c43f53f4c9d55f398c83d4b1) Importer(815301076,1909f56bfc062723c751e8b465ee728b)  -> (artifact id: 'a2a3e3ab993c4f0ae5c6dff747bfcece') in 0.066618 seconds
  Import took 0.073119 seconds .

========================================================================
Received Import Request.
  Time since last request: 332.953786 seconds.
  path: Assets/Models/Puddle/Spalts for sketchfab/Splat_01.fbx
  artifactKey: Guid(3dd65725c43f53f4c9d55f398c83d4b1) Importer(815301076,1909f56bfc062723c751e8b465ee728b)
Start importing Assets/Models/Puddle/Spalts for sketchfab/Splat_01.fbx using Guid(3dd65725c43f53f4c9d55f398c83d4b1) Importer(815301076,1909f56bfc062723c751e8b465ee728b)  -> (artifact id: 'd21e0bdb685f6108a18c330188767bf6') in 0.056025 seconds
  Import took 0.065237 seconds .

========================================================================
Received Import Request.
  Time since last request: 74.136726 seconds.
  path: Assets/Models/Puddle/Spalts for sketchfab/Splat_01.fbx
  artifactKey: Guid(3dd65725c43f53f4c9d55f398c83d4b1) Importer(815301076,1909f56bfc062723c751e8b465ee728b)
Start importing Assets/Models/Puddle/Spalts for sketchfab/Splat_01.fbx using Guid(3dd65725c43f53f4c9d55f398c83d4b1) Importer(815301076,1909f56bfc062723c751e8b465ee728b)  -> (artifact id: '7bd6120513352d6d5177ff0aa11d0d2e') in 0.109961 seconds
  Import took 0.117697 seconds .

========================================================================
Received Import Request.
  Time since last request: 80.031225 seconds.
  path: Assets/Prefabs/Puddle/Splat_01 Variant.prefab
  artifactKey: Guid(cd39c7cd266a4664b91c9e485884c790) Importer(815301076,1909f56bfc062723c751e8b465ee728b)
Start importing Assets/Prefabs/Puddle/Splat_01 Variant.prefab using Guid(cd39c7cd266a4664b91c9e485884c790) Importer(815301076,1909f56bfc062723c751e8b465ee728b)  -> (artifact id: '7f2ec719859a8b0550a0f205f0d532df') in 0.029256 seconds
  Import took 0.035639 seconds .

========================================================================
Received Import Request.
  Time since last request: 0.037476 seconds.
  path: Assets/Prefabs/Puddle/Splat_01 Variant.prefab
  artifactKey: Guid(cd39c7cd266a4664b91c9e485884c790) Importer(815301076,1909f56bfc062723c751e8b465ee728b)
Start importing Assets/Prefabs/Puddle/Splat_01 Variant.prefab using Guid(cd39c7cd266a4664b91c9e485884c790) Importer(815301076,1909f56bfc062723c751e8b465ee728b)  -> (artifact id: '7f2ec719859a8b0550a0f205f0d532df') in 0.017915 seconds
  Import took 0.028644 seconds .

========================================================================
Received Import Request.
  Time since last request: 17.692616 seconds.
  path: Assets/Prefabs/Puddle/PuddleMat.mat
  artifactKey: Guid(7cf05aa3cb90b534eac9f6204122ee88) Importer(815301076,1909f56bfc062723c751e8b465ee728b)
Start importing Assets/Prefabs/Puddle/PuddleMat.mat using Guid(7cf05aa3cb90b534eac9f6204122ee88) Importer(815301076,1909f56bfc062723c751e8b465ee728b)  -> (artifact id: '1e23c6edbfcc01004e3336f4d2a17764') in 0.028717 seconds
  Import took 0.034408 seconds .

========================================================================
Received Import Request.
  Time since last request: 31.781823 seconds.
  path: Assets/Prefabs/Puddle/Splat_01 Variant.prefab
  artifactKey: Guid(cd39c7cd266a4664b91c9e485884c790) Importer(815301076,1909f56bfc062723c751e8b465ee728b)
Start importing Assets/Prefabs/Puddle/Splat_01 Variant.prefab using Guid(cd39c7cd266a4664b91c9e485884c790) Importer(815301076,1909f56bfc062723c751e8b465ee728b)  -> (artifact id: 'ba060e711a0d79fc18353c4377fa7f20') in 0.023180 seconds
  Import took 0.038433 seconds .

========================================================================
Received Import Request.
  Time since last request: 0.023463 seconds.
  path: Assets/Prefabs/Puddle/Splat_01 Variant.prefab
  artifactKey: Guid(cd39c7cd266a4664b91c9e485884c790) Importer(815301076,1909f56bfc062723c751e8b465ee728b)
Start importing Assets/Prefabs/Puddle/Splat_01 Variant.prefab using Guid(cd39c7cd266a4664b91c9e485884c790) Importer(815301076,1909f56bfc062723c751e8b465ee728b)  -> (artifact id: 'ba060e711a0d79fc18353c4377fa7f20') in 0.016160 seconds
  Import took 0.022586 seconds .

========================================================================
Received Import Request.
  Time since last request: 15.516140 seconds.
  path: Assets/Prefabs/Puddle/Splat_01 Variant.prefab
  artifactKey: Guid(cd39c7cd266a4664b91c9e485884c790) Importer(815301076,1909f56bfc062723c751e8b465ee728b)
Start importing Assets/Prefabs/Puddle/Splat_01 Variant.prefab using Guid(cd39c7cd266a4664b91c9e485884c790) Importer(815301076,1909f56bfc062723c751e8b465ee728b)  -> (artifact id: '60ac10a93e7c9a8887507acb84eea06b') in 0.018811 seconds
  Import took 0.025503 seconds .

========================================================================
Received Import Request.
  Time since last request: 3.157153 seconds.
  path: Assets/Prefabs/Puddle/PuddleMat.mat
  artifactKey: Guid(7cf05aa3cb90b534eac9f6204122ee88) Importer(815301076,1909f56bfc062723c751e8b465ee728b)
Start importing Assets/Prefabs/Puddle/PuddleMat.mat using Guid(7cf05aa3cb90b534eac9f6204122ee88) Importer(815301076,1909f56bfc062723c751e8b465ee728b)  -> (artifact id: 'c791b300590fb5b8672464c6c2bf2bb9') in 0.022873 seconds
  Import took 0.029324 seconds .

========================================================================
Received Import Request.
  Time since last request: 50.805264 seconds.
  path: Assets/Prefabs/Puddle/Splat_01 Variant.prefab
  artifactKey: Guid(cd39c7cd266a4664b91c9e485884c790) Importer(815301076,1909f56bfc062723c751e8b465ee728b)
Start importing Assets/Prefabs/Puddle/Splat_01 Variant.prefab using Guid(cd39c7cd266a4664b91c9e485884c790) Importer(815301076,1909f56bfc062723c751e8b465ee728b)  -> (artifact id: '967e741b8c8c36ef9ad6f43d6e607987') in 0.030615 seconds
  Import took 0.064404 seconds .

========================================================================
Received Import Request.
  Time since last request: 4.750023 seconds.
  path: Assets/Prefabs/Puddle/Splat_01 Variant.prefab
  artifactKey: Guid(cd39c7cd266a4664b91c9e485884c790) Importer(815301076,1909f56bfc062723c751e8b465ee728b)
Start importing Assets/Prefabs/Puddle/Splat_01 Variant.prefab using Guid(cd39c7cd266a4664b91c9e485884c790) Importer(815301076,1909f56bfc062723c751e8b465ee728b)  -> (artifact id: 'a4c8235aee67bf23ab58275786bd0c77') in 0.017846 seconds
  Import took 0.023700 seconds .

========================================================================
Received Import Request.
  Time since last request: 3.049597 seconds.
  path: Assets/Prefabs/Puddle/Splat_01 Variant.prefab
  artifactKey: Guid(cd39c7cd266a4664b91c9e485884c790) Importer(815301076,1909f56bfc062723c751e8b465ee728b)
Start importing Assets/Prefabs/Puddle/Splat_01 Variant.prefab using Guid(cd39c7cd266a4664b91c9e485884c790) Importer(815301076,1909f56bfc062723c751e8b465ee728b)  -> (artifact id: 'be5861bfc3e214b181fee53dc584c986') in 0.015462 seconds
  Import took 0.021768 seconds .

========================================================================
Received Import Request.
  Time since last request: 1.322885 seconds.
  path: Assets/Prefabs/Puddle/Splat_01 Variant.prefab
  artifactKey: Guid(cd39c7cd266a4664b91c9e485884c790) Importer(815301076,1909f56bfc062723c751e8b465ee728b)
Start importing Assets/Prefabs/Puddle/Splat_01 Variant.prefab using Guid(cd39c7cd266a4664b91c9e485884c790) Importer(815301076,1909f56bfc062723c751e8b465ee728b)  -> (artifact id: '78484cfa7e03c119a0b59861433f1d4c') in 0.041593 seconds
  Import took 0.050632 seconds .

========================================================================
Received Import Request.
  Time since last request: 4.880129 seconds.
  path: Assets/Prefabs/Puddle/Splat_01 Variant.prefab
  artifactKey: Guid(cd39c7cd266a4664b91c9e485884c790) Importer(815301076,1909f56bfc062723c751e8b465ee728b)
Start importing Assets/Prefabs/Puddle/Splat_01 Variant.prefab using Guid(cd39c7cd266a4664b91c9e485884c790) Importer(815301076,1909f56bfc062723c751e8b465ee728b)  -> (artifact id: '4cabd029aa65f6bdcbdef665efc9e6c5') in 0.015502 seconds
  Import took 0.021574 seconds .

========================================================================
Received Import Request.
  Time since last request: 6.998901 seconds.
  path: Assets/Prefabs/Puddle/Splat_01 Variant.prefab
  artifactKey: Guid(cd39c7cd266a4664b91c9e485884c790) Importer(815301076,1909f56bfc062723c751e8b465ee728b)
Start importing Assets/Prefabs/Puddle/Splat_01 Variant.prefab using Guid(cd39c7cd266a4664b91c9e485884c790) Importer(815301076,1909f56bfc062723c751e8b465ee728b)  -> (artifact id: '1521fb2175010767fbf8a6e4fe070c3d') in 0.015745 seconds
  Import took 0.021487 seconds .

========================================================================
Received Import Request.
  Time since last request: 16.010741 seconds.
  path: Assets/Prefabs/Puddle/Splat_01 Variant.prefab
  artifactKey: Guid(cd39c7cd266a4664b91c9e485884c790) Importer(815301076,1909f56bfc062723c751e8b465ee728b)
Start importing Assets/Prefabs/Puddle/Splat_01 Variant.prefab using Guid(cd39c7cd266a4664b91c9e485884c790) Importer(815301076,1909f56bfc062723c751e8b465ee728b)  -> (artifact id: '1cddc4d67eb634e3e53c94231bcce444') in 0.022720 seconds
  Import took 0.029288 seconds .

========================================================================
Received Import Request.
  Time since last request: 17.501604 seconds.
  path: Assets/Prefabs/Puddle/Splat_01 Variant.prefab
  artifactKey: Guid(cd39c7cd266a4664b91c9e485884c790) Importer(815301076,1909f56bfc062723c751e8b465ee728b)
Start importing Assets/Prefabs/Puddle/Splat_01 Variant.prefab using Guid(cd39c7cd266a4664b91c9e485884c790) Importer(815301076,1909f56bfc062723c751e8b465ee728b)  -> (artifact id: '6919eb469194c6378c146a80cfefcb2a') in 0.019608 seconds
  Import took 0.027908 seconds .

========================================================================
Received Import Request.
  Time since last request: 7.068813 seconds.
  path: Assets/Prefabs/Puddle/Splat_01 Variant.prefab
  artifactKey: Guid(cd39c7cd266a4664b91c9e485884c790) Importer(815301076,1909f56bfc062723c751e8b465ee728b)
Start importing Assets/Prefabs/Puddle/Splat_01 Variant.prefab using Guid(cd39c7cd266a4664b91c9e485884c790) Importer(815301076,1909f56bfc062723c751e8b465ee728b)  -> (artifact id: 'dd7f1db65b0f4463ae0bf9bcefafbe6b') in 0.015344 seconds
  Import took 0.021154 seconds .

========================================================================
Received Import Request.
  Time since last request: 2.042346 seconds.
  path: Assets/Prefabs/Puddle/Splat_01 Variant.prefab
  artifactKey: Guid(cd39c7cd266a4664b91c9e485884c790) Importer(815301076,1909f56bfc062723c751e8b465ee728b)
Start importing Assets/Prefabs/Puddle/Splat_01 Variant.prefab using Guid(cd39c7cd266a4664b91c9e485884c790) Importer(815301076,1909f56bfc062723c751e8b465ee728b)  -> (artifact id: 'a05a6f9ec166641d1a7b1d1dffb8038f') in 0.023492 seconds
  Import took 0.052218 seconds .

========================================================================
Received Import Request.
  Time since last request: 7.316353 seconds.
  path: Assets/Prefabs/Puddle/Splat_01 Variant.prefab
  artifactKey: Guid(cd39c7cd266a4664b91c9e485884c790) Importer(815301076,1909f56bfc062723c751e8b465ee728b)
Start importing Assets/Prefabs/Puddle/Splat_01 Variant.prefab using Guid(cd39c7cd266a4664b91c9e485884c790) Importer(815301076,1909f56bfc062723c751e8b465ee728b)  -> (artifact id: 'e349990548309715ad49b2e0e2ced51d') in 0.017086 seconds
  Import took 0.022920 seconds .

========================================================================
Received Import Request.
  Time since last request: 1.042474 seconds.
  path: Assets/Prefabs/Puddle/Splat_01 Variant.prefab
  artifactKey: Guid(cd39c7cd266a4664b91c9e485884c790) Importer(815301076,1909f56bfc062723c751e8b465ee728b)
Start importing Assets/Prefabs/Puddle/Splat_01 Variant.prefab using Guid(cd39c7cd266a4664b91c9e485884c790) Importer(815301076,1909f56bfc062723c751e8b465ee728b)  -> (artifact id: '4f6e8293141500107af1854fa01216ab') in 0.026365 seconds
  Import took 0.032349 seconds .

========================================================================
Received Import Request.
  Time since last request: 2.856041 seconds.
  path: Assets/Prefabs/Puddle/Splat_01 Variant.prefab
  artifactKey: Guid(cd39c7cd266a4664b91c9e485884c790) Importer(815301076,1909f56bfc062723c751e8b465ee728b)
Start importing Assets/Prefabs/Puddle/Splat_01 Variant.prefab using Guid(cd39c7cd266a4664b91c9e485884c790) Importer(815301076,1909f56bfc062723c751e8b465ee728b)  -> (artifact id: 'e02159b5b125c379efdec2f27c325bec') in 0.044747 seconds
  Import took 0.054086 seconds .

========================================================================
Received Import Request.
  Time since last request: 7.769524 seconds.
  path: Assets/Prefabs/Puddle/Splat_01 Variant.prefab
  artifactKey: Guid(cd39c7cd266a4664b91c9e485884c790) Importer(815301076,1909f56bfc062723c751e8b465ee728b)
Start importing Assets/Prefabs/Puddle/Splat_01 Variant.prefab using Guid(cd39c7cd266a4664b91c9e485884c790) Importer(815301076,1909f56bfc062723c751e8b465ee728b)  -> (artifact id: '31ec48a24c0230294c495126c26464f9') in 0.019240 seconds
  Import took 0.025921 seconds .

========================================================================
Received Import Request.
  Time since last request: 5.919214 seconds.
  path: Assets/Prefabs/Puddle/Splat_01 Variant.prefab
  artifactKey: Guid(cd39c7cd266a4664b91c9e485884c790) Importer(815301076,1909f56bfc062723c751e8b465ee728b)
Start importing Assets/Prefabs/Puddle/Splat_01 Variant.prefab using Guid(cd39c7cd266a4664b91c9e485884c790) Importer(815301076,1909f56bfc062723c751e8b465ee728b)  -> (artifact id: '059da353473a79f6dde09d07a4c32c2f') in 0.026396 seconds
  Import took 0.032663 seconds .

========================================================================
Received Import Request.
  Time since last request: 5.303365 seconds.
  path: Assets/Prefabs/Puddle/Splat_01 Variant.prefab
  artifactKey: Guid(cd39c7cd266a4664b91c9e485884c790) Importer(815301076,1909f56bfc062723c751e8b465ee728b)
Start importing Assets/Prefabs/Puddle/Splat_01 Variant.prefab using Guid(cd39c7cd266a4664b91c9e485884c790) Importer(815301076,1909f56bfc062723c751e8b465ee728b)  -> (artifact id: '601287a0bdf0cfd1f715035e7878d7f3') in 0.028591 seconds
  Import took 0.035494 seconds .

========================================================================
Received Import Request.
  Time since last request: 15.982180 seconds.
  path: Assets/Prefabs/Puddle/Splat_01 Variant.prefab
  artifactKey: Guid(cd39c7cd266a4664b91c9e485884c790) Importer(815301076,1909f56bfc062723c751e8b465ee728b)
Start importing Assets/Prefabs/Puddle/Splat_01 Variant.prefab using Guid(cd39c7cd266a4664b91c9e485884c790) Importer(815301076,1909f56bfc062723c751e8b465ee728b)  -> (artifact id: '8dca50aa8fa914d679a4efc1e8d7c93c') in 0.015856 seconds
  Import took 0.021727 seconds .

========================================================================
Received Prepare
Registering precompiled user dll's ...
Registered in 0.001995 seconds.
Begin MonoManager ReloadAssembly
Native extension for WindowsStandalone target not found
Refreshing native plugins compatible for Editor in 0.54 ms, found 0 plugins.
Preloading 0 native plugins for Editor in 0.00 ms.
Invoked RoslynAnalysisRunner static constructor.
RoslynAnalysisRunner will not be running.
RoslynAnalysisRunner has terminated.
Mono: successfully reloaded assembly
- Completed reload, in  1.464 seconds
Platform modules already initialized, skipping
Shader 'Universal Render Pipeline/Particles/Lit': fallback shader 'Universal Render Pipeline/Particles/SimpleLit' not found
Shader 'Universal Render Pipeline/Particles/Lit': fallback shader 'Universal Render Pipeline/Particles/SimpleLit' not found
Refreshing native plugins compatible for Editor in 0.53 ms, found 0 plugins.
Preloading 0 native plugins for Editor in 0.00 ms.
Unloading 2324 Unused Serialized files (Serialized files now loaded: 0)
System memory in use before: 117.3 MB.
System memory in use after: 115.4 MB.

Unloading 39 unused Assets to reduce memory usage. Loaded Objects now: 3024.
Total: 4.879000 ms (FindLiveObjects: 0.360900 ms CreateObjectMapping: 0.218300 ms MarkObjects: 2.589900 ms  DeleteObjects: 1.708600 ms)

========================================================================
Received Import Request.
  Time since last request: 308.604348 seconds.
  path: Assets/Prefabs/Puddle/PuddleMat.mat
  artifactKey: Guid(7cf05aa3cb90b534eac9f6204122ee88) Importer(815301076,1909f56bfc062723c751e8b465ee728b)
Start importing Assets/Prefabs/Puddle/PuddleMat.mat using Guid(7cf05aa3cb90b534eac9f6204122ee88) Importer(815301076,1909f56bfc062723c751e8b465ee728b)  -> (artifact id: 'd3259bc2cafb18d870fd7e95cb67f911') in 0.267091 seconds
  Import took 0.272909 seconds .

AssetImportWorkerClient::OnTransportError - code=2 error=End of file
